<?xml version="1.0" encoding="UTF-8"?>
<!-- Generated by org.testng.reporters.JUnitReportReporter -->
<testsuite name="Case.UserInfo" tests="2" time="5.673" ignored="0" failures="0" timestamp="01 十二月 2017 02:10:53 GMT" skipped="0" hostname="BAOJU-20150605W" errors="0">
  <testcase name="selectAllHobby" time="3.236" classname="Case.UserInfo"/>
  <testcase name="setMoreInfo" time="2.437" classname="Case.UserInfo"/>
</testsuite> <!-- Case.UserInfo -->
