<?xml version="1.0" encoding="UTF-8"?>
<!-- Generated by org.testng.reporters.JUnitReportReporter -->
<testsuite name="Case.Login" tests="1" time="4.804" ignored="0" failures="0" timestamp="01 十二月 2017 02:10:53 GMT" skipped="0" hostname="BAOJU-20150605W" errors="0">
  <testcase name="testLogin" time="4.804" classname="Case.Login"/>
</testsuite> <!-- Case.Login -->
